c:\repositories\blurimages\cudaproject\cudaproject\x64\debug\vc142.pdb
c:\repositories\blurimages\cudaproject\cudaproject\x64\debug\vc142.idb
c:\repositories\blurimages\cudaproject\cudaproject\x64\debug\cudaproject.obj
x64\debug\kernel.cu.obj
c:\repositories\blurimages\cudaproject\x64\debug\cudaproject.lib
c:\repositories\blurimages\cudaproject\x64\debug\cudaproject.exp
c:\repositories\blurimages\cudaproject\x64\debug\cudaproject.ilk
c:\repositories\blurimages\cudaproject\x64\debug\cudaproject.exe
c:\repositories\blurimages\cudaproject\x64\debug\cudaproject.pdb
c:\repositories\blurimages\cudaproject\cudaproject\x64\debug\kernel.cu.cache
c:\repositories\blurimages\cudaproject\cudaproject\x64\debug\kernel.cu.obj
c:\repositories\blurimages\cudaproject\cudaproject\x64\debug\cudaproject.tlog\cl.command.1.tlog
c:\repositories\blurimages\cudaproject\cudaproject\x64\debug\cudaproject.tlog\cl.read.1.tlog
c:\repositories\blurimages\cudaproject\cudaproject\x64\debug\cudaproject.tlog\cl.write.1.tlog
c:\repositories\blurimages\cudaproject\cudaproject\x64\debug\cudaproject.tlog\cudacompile.read.1u.tlog
c:\repositories\blurimages\cudaproject\cudaproject\x64\debug\cudaproject.tlog\cudacompile.write.1u.tlog
c:\repositories\blurimages\cudaproject\cudaproject\x64\debug\cudaproject.tlog\cudaproject.write.1u.tlog
c:\repositories\blurimages\cudaproject\cudaproject\x64\debug\cudaproject.tlog\link.command.1.tlog
c:\repositories\blurimages\cudaproject\cudaproject\x64\debug\cudaproject.tlog\link.read.1.tlog
c:\repositories\blurimages\cudaproject\cudaproject\x64\debug\cudaproject.tlog\link.write.1.tlog
